{"/Users/Pablo/js/fs-json-tree/lib/fs-json-tree.js":{"path":"/Users/Pablo/js/fs-json-tree/lib/fs-json-tree.js","s":{"1":1,"2":1,"3":1,"4":1,"5":1,"6":9,"7":17,"8":17,"9":5,"10":8,"11":8,"12":8,"13":1,"14":8,"15":4,"16":4,"17":1,"18":8,"19":1,"20":4,"21":4,"22":1,"23":4,"24":3,"25":1,"26":4,"27":1,"28":0},"b":{"1":[5,12],"2":[4,4],"3":[3,1],"4":[0,0]},"f":{"1":1,"2":9,"3":8,"4":8,"5":4,"6":4,"7":0},"fnMap":{"1":{"name":"(anonymous_1)","line":7,"loc":{"start":{"line":7,"column":20},"end":{"line":7,"column":44}}},"2":{"name":"(anonymous_2)","line":11,"loc":{"start":{"line":11,"column":23},"end":{"line":11,"column":43}}},"3":{"name":"(anonymous_3)","line":24,"loc":{"start":{"line":24,"column":25},"end":{"line":24,"column":45}}},"4":{"name":"(anonymous_4)","line":32,"loc":{"start":{"line":32,"column":25},"end":{"line":32,"column":44}}},"5":{"name":"(anonymous_5)","line":36,"loc":{"start":{"line":36,"column":25},"end":{"line":36,"column":45}}},"6":{"name":"(anonymous_6)","line":41,"loc":{"start":{"line":41,"column":30},"end":{"line":41,"column":49}}},"7":{"name":"(anonymous_7)","line":47,"loc":{"start":{"line":47,"column":21},"end":{"line":47,"column":36}}}},"statementMap":{"1":{"start":{"line":3,"column":0},"end":{"line":3,"column":23}},"2":{"start":{"line":5,"column":0},"end":{"line":5,"column":37}},"3":{"start":{"line":7,"column":0},"end":{"line":9,"column":1}},"4":{"start":{"line":8,"column":2},"end":{"line":8,"column":23}},"5":{"start":{"line":11,"column":0},"end":{"line":22,"column":1}},"6":{"start":{"line":12,"column":2},"end":{"line":21,"column":3}},"7":{"start":{"line":13,"column":4},"end":{"line":13,"column":25}},"8":{"start":{"line":14,"column":4},"end":{"line":20,"column":5}},"9":{"start":{"line":15,"column":6},"end":{"line":19,"column":7}},"10":{"start":{"line":16,"column":8},"end":{"line":16,"column":33}},"11":{"start":{"line":17,"column":8},"end":{"line":17,"column":37}},"12":{"start":{"line":18,"column":8},"end":{"line":18,"column":35}},"13":{"start":{"line":24,"column":0},"end":{"line":30,"column":1}},"14":{"start":{"line":25,"column":2},"end":{"line":29,"column":3}},"15":{"start":{"line":26,"column":4},"end":{"line":26,"column":38}},"16":{"start":{"line":28,"column":4},"end":{"line":28,"column":33}},"17":{"start":{"line":32,"column":0},"end":{"line":34,"column":1}},"18":{"start":{"line":33,"column":2},"end":{"line":33,"column":36}},"19":{"start":{"line":36,"column":0},"end":{"line":39,"column":1}},"20":{"start":{"line":37,"column":2},"end":{"line":37,"column":36}},"21":{"start":{"line":38,"column":2},"end":{"line":38,"column":26}},"22":{"start":{"line":41,"column":0},"end":{"line":45,"column":1}},"23":{"start":{"line":42,"column":2},"end":{"line":43,"column":28}},"24":{"start":{"line":42,"column":11},"end":{"line":42,"column":44}},"25":{"start":{"line":43,"column":7},"end":{"line":43,"column":28}},"26":{"start":{"line":44,"column":2},"end":{"line":44,"column":26}},"27":{"start":{"line":47,"column":0},"end":{"line":49,"column":1}},"28":{"start":{"line":48,"column":2},"end":{"line":48,"column":56}}},"branchMap":{"1":{"line":14,"type":"if","locations":[{"start":{"line":14,"column":4},"end":{"line":14,"column":4}},{"start":{"line":14,"column":4},"end":{"line":14,"column":4}}]},"2":{"line":25,"type":"if","locations":[{"start":{"line":25,"column":2},"end":{"line":25,"column":2}},{"start":{"line":25,"column":2},"end":{"line":25,"column":2}}]},"3":{"line":42,"type":"if","locations":[{"start":{"line":42,"column":2},"end":{"line":42,"column":2}},{"start":{"line":42,"column":2},"end":{"line":42,"column":2}}]},"4":{"line":48,"type":"cond-expr","locations":[{"start":{"line":48,"column":35},"end":{"line":48,"column":46}},{"start":{"line":48,"column":49},"end":{"line":48,"column":55}}]}}}}