TN:
SF:/Users/Pablo/js/fs-json-tree/lib/fs-json-tree.js
FN:7,(anonymous_1)
FN:11,(anonymous_2)
FN:24,(anonymous_3)
FN:32,(anonymous_4)
FN:36,(anonymous_5)
FN:41,(anonymous_6)
FN:47,(anonymous_7)
FNF:7
FNH:6
FNDA:1,(anonymous_1)
FNDA:9,(anonymous_2)
FNDA:8,(anonymous_3)
FNDA:8,(anonymous_4)
FNDA:4,(anonymous_5)
FNDA:4,(anonymous_6)
FNDA:0,(anonymous_7)
DA:3,1
DA:5,1
DA:7,1
DA:8,1
DA:11,1
DA:12,9
DA:13,17
DA:14,17
DA:15,5
DA:16,8
DA:17,8
DA:18,8
DA:24,1
DA:25,8
DA:26,4
DA:28,4
DA:32,1
DA:33,8
DA:36,1
DA:37,4
DA:38,4
DA:41,1
DA:42,4
DA:43,1
DA:44,4
DA:47,1
DA:48,0
LF:27
LH:26
BRDA:14,1,0,5
BRDA:14,1,1,12
BRDA:25,2,0,4
BRDA:25,2,1,4
BRDA:42,3,0,3
BRDA:42,3,1,1
BRDA:48,4,0,0
BRDA:48,4,1,0
BRF:8
BRH:6
end_of_record
